[2021-09-15 18:23:15.000000] READY-API: https://test-api-std.mainpay.co.kr/v1/payment/ready
[2021-09-15 18:23:15.000000] PARAM: Array
(
    [version] => V001
    [mbrNo] => 100011
    [mbrRefNo] => P000010001
    [paymethod] => CARD
    [amount] => 1004
    [goodsName] => 카약-슬라이더406
    [goodsCode] => GOOD0001
    [approvalUrl] => https://7gate.kr/pc/_3_approval.php
    [closeUrl] => https://skiresort.or.kr/pc/_3_close.php
    [customerName] => 고객명
    [customerEmail] => test@spc.co.kr
    [timestamp] => 202109151823155814
    [signature] => a946c67433cafeb17f2619caefa8c530c4634806c52f2111590bd3035b1a1fa8
)

[2021-09-15 18:23:15.000000] RESPONSE: {"resultCode":"200","resultMessage":"OK","developerMessage":"","detailResultCode":"","data":{"aid":"aid6c06b6a88bca4fc287042762f07eef2b1caa4","nextMobileUrl":"https://test-ui-card.mainpay.co.kr/mobile?aid=aid6c06b6a88bca4fc287042762f07eef2b1caa4","nextPcUrl":"https://test-ui-card.mainpay.co.kr/pc?aid=aid6c06b6a88bca4fc287042762f07eef2b1caa4","nextAppUrl":"https://test-ui-card.mainpay.co.kr/app?aid=aid6c06b6a88bca4fc287042762f07eef2b1caa4","createTime":"2021-09-15T18:23:15.959","expireTime":"2021-09-15T18:38:15.959"}}
[2021-09-15 18:57:39.000000] READY-API: https://test-api-std.mainpay.co.kr/v1/payment/ready
[2021-09-15 18:57:39.000000] PARAM: Array
(
    [version] => V001
    [mbrNo] => 100011
    [mbrRefNo] => P000010001
    [paymethod] => CARD
    [amount] => 1004
    [goodsName] => 카약-슬라이더406
    [goodsCode] => GOOD0001
    [approvalUrl] => https://7gate.kr/pc/_3_approval.php
    [closeUrl] => https://skiresort.or.kr/pc/_3_close.php
    [customerName] => 고객명
    [customerEmail] => test@spc.co.kr
    [timestamp] => 202109151857397180
    [signature] => 645c8f7074afb3712c33b7a4cf7cf5418b36152fe4bcc5ee9846b5ec1d36a369
)

[2021-09-15 18:57:39.000000] RESPONSE: {"resultCode":"200","resultMessage":"OK","developerMessage":"","detailResultCode":"","data":{"aid":"aidab92df0cdb3f4c549246734637dec66631ea3","nextMobileUrl":"https://test-ui-card.mainpay.co.kr/mobile?aid=aidab92df0cdb3f4c549246734637dec66631ea3","nextPcUrl":"https://test-ui-card.mainpay.co.kr/pc?aid=aidab92df0cdb3f4c549246734637dec66631ea3","nextAppUrl":"https://test-ui-card.mainpay.co.kr/app?aid=aidab92df0cdb3f4c549246734637dec66631ea3","createTime":"2021-09-15T18:57:39.994","expireTime":"2021-09-15T19:12:39.994"}}
[2021-09-15 18:59:58.000000] READY-API: https://test-api-std.mainpay.co.kr/v1/payment/ready
[2021-09-15 18:59:58.000000] PARAM: Array
(
    [version] => V001
    [mbrNo] => 100011
    [mbrRefNo] => P000010001
    [paymethod] => CARD
    [amount] => 1004
    [goodsName] => 카약-슬라이더406
    [goodsCode] => GOOD0001
    [approvalUrl] => https://7gate.kr/pc/_3_approval.php
    [closeUrl] => https://skiresort.or.kr/pc/_3_close.php
    [customerName] => 고객명
    [customerEmail] => test@spc.co.kr
    [timestamp] => 202109151859587862
    [signature] => 9ebe4a8dd453bef8e22f8e286375046947dfdd44485c97a4fea5496d3de2bf1e
)

[2021-09-15 18:59:58.000000] RESPONSE: {"resultCode":"200","resultMessage":"OK","developerMessage":"","detailResultCode":"","data":{"aid":"aid8c25a9469ece465aa99d2a799c396594f3110","nextMobileUrl":"https://test-ui-card.mainpay.co.kr/mobile?aid=aid8c25a9469ece465aa99d2a799c396594f3110","nextPcUrl":"https://test-ui-card.mainpay.co.kr/pc?aid=aid8c25a9469ece465aa99d2a799c396594f3110","nextAppUrl":"https://test-ui-card.mainpay.co.kr/app?aid=aid8c25a9469ece465aa99d2a799c396594f3110","createTime":"2021-09-15T18:59:58.367","expireTime":"2021-09-15T19:14:58.367"}}
[2021-09-15 19:00:50.000000] READY-API: https://test-api-std.mainpay.co.kr/v1/payment/ready
[2021-09-15 19:00:50.000000] PARAM: Array
(
    [version] => V001
    [mbrNo] => 100011
    [mbrRefNo] => P000010001
    [paymethod] => CARD
    [amount] => 1004
    [goodsName] => 티칭1-라이센스재발급
    [goodsCode] => T1-LICENSE
    [approvalUrl] => https://7gate.kr/pc/_3_approval.php
    [closeUrl] => https://skiresort.or.kr/pc/_3_close.php
    [customerName] => 고객명
    [customerEmail] => test@spc.co.kr
    [timestamp] => 202109151900505012
    [signature] => dd994a0b75e2092104bb0ad65b3e012c719653b7a8cfbf5b78337b89ad5a660d
)

[2021-09-15 19:00:50.000000] RESPONSE: {"resultCode":"400","resultMessage":"## goodsCode ##  size must be between 0 and 8","developerMessage":"BAD_REQUEST","detailResultCode":"","charset":"UTF-8","data":""}
[2021-09-15 19:01:18.000000] READY-API: https://test-api-std.mainpay.co.kr/v1/payment/ready
[2021-09-15 19:01:18.000000] PARAM: Array
(
    [version] => V001
    [mbrNo] => 100011
    [mbrRefNo] => P000010001
    [paymethod] => CARD
    [amount] => 1004
    [goodsName] => 티칭1-라이센스재발급
    [goodsCode] => T1LIC
    [approvalUrl] => https://7gate.kr/pc/_3_approval.php
    [closeUrl] => https://skiresort.or.kr/pc/_3_close.php
    [customerName] => 고객명
    [customerEmail] => test@spc.co.kr
    [timestamp] => 202109151901186895
    [signature] => f4a482ab4aef614dfa73ee7e90adc7c06708e39a10f3e4d0639ab6168268940f
)

[2021-09-15 19:01:18.000000] RESPONSE: {"resultCode":"200","resultMessage":"OK","developerMessage":"","detailResultCode":"","data":{"aid":"aid0b7f37e0bbd94a1a92488406f714e4d7939ef","nextMobileUrl":"https://test-ui-card.mainpay.co.kr/mobile?aid=aid0b7f37e0bbd94a1a92488406f714e4d7939ef","nextPcUrl":"https://test-ui-card.mainpay.co.kr/pc?aid=aid0b7f37e0bbd94a1a92488406f714e4d7939ef","nextAppUrl":"https://test-ui-card.mainpay.co.kr/app?aid=aid0b7f37e0bbd94a1a92488406f714e4d7939ef","createTime":"2021-09-15T19:01:18.731","expireTime":"2021-09-15T19:16:18.731"}}
[2021-09-15 20:36:34.000000] READY-API: https://test-api-std.mainpay.co.kr/v1/payment/ready
[2021-09-15 20:36:34.000000] PARAM: Array
(
    [version] => V001
    [mbrNo] => 100011
    [mbrRefNo] => P000010001
    [paymethod] => CARD
    [amount] => 1004
    [goodsName] => 카약-슬라이더406
    [goodsCode] => GOOD0001
    [approvalUrl] => https://7gate.kr/pc/_3_approval.php
    [closeUrl] => https://skiresort.or.kr/pc/_3_close.php
    [customerName] => 고객명
    [customerEmail] => test@spc.co.kr
    [timestamp] => 202109152036341453
    [signature] => eab60fe7a6ff106c664e694d3ddf0d94f9934d93a9fe69f083c98aac152115ad
)

[2021-09-15 20:36:35.000000] RESPONSE: {"resultCode":"200","resultMessage":"OK","developerMessage":"","detailResultCode":"","data":{"aid":"aid10ad284316f6495c9e673babad100c2c496d9","nextMobileUrl":"https://test-ui-card.mainpay.co.kr/mobile?aid=aid10ad284316f6495c9e673babad100c2c496d9","nextPcUrl":"https://test-ui-card.mainpay.co.kr/pc?aid=aid10ad284316f6495c9e673babad100c2c496d9","nextAppUrl":"https://test-ui-card.mainpay.co.kr/app?aid=aid10ad284316f6495c9e673babad100c2c496d9","createTime":"2021-09-15T20:36:35.564","expireTime":"2021-09-15T20:51:35.564"}}
[2021-09-15 20:40:12.000000] READY-API: https://test-api-std.mainpay.co.kr/v1/payment/ready
[2021-09-15 20:40:12.000000] PARAM: Array
(
    [version] => V001
    [mbrNo] => 100011
    [mbrRefNo] => P000010001
    [paymethod] => CARD
    [amount] => 1004
    [goodsName] => 카약-슬라이더406
    [goodsCode] => GOOD0001
    [approvalUrl] => https://skiresort.kr/pc/_3_approval.php
    [closeUrl] => https://skiresort.or.kr/pc/_3_close.php
    [customerName] => 고객명
    [customerEmail] => test@spc.co.kr
    [timestamp] => 202109152040120271
    [signature] => 42f4bb2fdf1c81f8fa1f43019d063ac0e2b650aee170e8c7cc9a61688aca7152
)

[2021-09-15 20:40:13.000000] RESPONSE: {"resultCode":"200","resultMessage":"OK","developerMessage":"","detailResultCode":"","data":{"aid":"aid307e6f316ab646f79b27c92db53eb4caf94de","nextMobileUrl":"https://test-ui-card.mainpay.co.kr/mobile?aid=aid307e6f316ab646f79b27c92db53eb4caf94de","nextPcUrl":"https://test-ui-card.mainpay.co.kr/pc?aid=aid307e6f316ab646f79b27c92db53eb4caf94de","nextAppUrl":"https://test-ui-card.mainpay.co.kr/app?aid=aid307e6f316ab646f79b27c92db53eb4caf94de","createTime":"2021-09-15T20:40:13.293","expireTime":"2021-09-15T20:55:13.293"}}
[2021-09-15 20:40:19.000000] READY-API: https://test-api-std.mainpay.co.kr/v1/payment/ready
[2021-09-15 20:40:19.000000] PARAM: Array
(
    [version] => V001
    [mbrNo] => 100011
    [mbrRefNo] => P000010001
    [paymethod] => CARD
    [amount] => 1004
    [goodsName] => 카약-슬라이더406
    [goodsCode] => GOOD0001
    [approvalUrl] => https://skiresort.kr/pc/_3_approval.php
    [closeUrl] => https://skiresort.or.kr/pc/_3_close.php
    [customerName] => 고객명
    [customerEmail] => test@spc.co.kr
    [timestamp] => 202109152040196897
    [signature] => 101b4c07d929984656da6a4fc6f6a57ff0ab0857fe0aeda83fbbdc5c7101524c
)

[2021-09-15 20:40:19.000000] RESPONSE: {"resultCode":"200","resultMessage":"OK","developerMessage":"","detailResultCode":"","data":{"aid":"aid2b85cd1c10a248f19912fd08fb99da9e942d1","nextMobileUrl":"https://test-ui-card.mainpay.co.kr/mobile?aid=aid2b85cd1c10a248f19912fd08fb99da9e942d1","nextPcUrl":"https://test-ui-card.mainpay.co.kr/pc?aid=aid2b85cd1c10a248f19912fd08fb99da9e942d1","nextAppUrl":"https://test-ui-card.mainpay.co.kr/app?aid=aid2b85cd1c10a248f19912fd08fb99da9e942d1","createTime":"2021-09-15T20:40:19.719","expireTime":"2021-09-15T20:55:19.719"}}
[2021-09-15 20:42:33.000000] READY-API: https://test-api-std.mainpay.co.kr/v1/payment/ready
[2021-09-15 20:42:33.000000] PARAM: Array
(
    [version] => V001
    [mbrNo] => 100011
    [mbrRefNo] => P000010001
    [paymethod] => CARD
    [amount] => 1004
    [goodsName] => 카약-슬라이더406
    [goodsCode] => GOOD0001
    [approvalUrl] => https://skiresort.kr/pc/_3_approval.php
    [closeUrl] => https://skiresort.or.kr/pc/_3_close.php
    [customerName] => 고객명
    [customerEmail] => test@spc.co.kr
    [timestamp] => 202109152042334839
    [signature] => 0742b96fa0987a8929cbfe4c9b9069b50f61ddd66a4f364faa3c712376e137b3
)

[2021-09-15 20:42:33.000000] RESPONSE: {"resultCode":"200","resultMessage":"OK","developerMessage":"","detailResultCode":"","data":{"aid":"aid94d60762334240b7904e0f4290320b31a7e05","nextMobileUrl":"https://test-ui-card.mainpay.co.kr/mobile?aid=aid94d60762334240b7904e0f4290320b31a7e05","nextPcUrl":"https://test-ui-card.mainpay.co.kr/pc?aid=aid94d60762334240b7904e0f4290320b31a7e05","nextAppUrl":"https://test-ui-card.mainpay.co.kr/app?aid=aid94d60762334240b7904e0f4290320b31a7e05","createTime":"2021-09-15T20:42:33.750","expireTime":"2021-09-15T20:57:33.750"}}
[2021-09-15 20:44:40.000000] READY-API: https://test-api-std.mainpay.co.kr/v1/payment/ready
[2021-09-15 20:44:40.000000] PARAM: Array
(
    [version] => V001
    [mbrNo] => 100011
    [mbrRefNo] => P000010001
    [paymethod] => CARD
    [amount] => 1004
    [goodsName] => 카약-슬라이더406
    [goodsCode] => GOOD0001
    [approvalUrl] => https://skiresort.kr/pc/_3_approval.php
    [closeUrl] => https://skiresort.or.kr/pc/_3_close.php
    [customerName] => 고객명
    [customerEmail] => test@spc.co.kr
    [timestamp] => 202109152044402943
    [signature] => 3083ffc0643f3270315419688456629960d673947e251ed0f798696b270b92f5
)

[2021-09-15 20:44:40.000000] RESPONSE: {"resultCode":"200","resultMessage":"OK","developerMessage":"","detailResultCode":"","data":{"aid":"aid8ae85ccea51d4993a810e751167fccdb2efbe","nextMobileUrl":"https://test-ui-card.mainpay.co.kr/mobile?aid=aid8ae85ccea51d4993a810e751167fccdb2efbe","nextPcUrl":"https://test-ui-card.mainpay.co.kr/pc?aid=aid8ae85ccea51d4993a810e751167fccdb2efbe","nextAppUrl":"https://test-ui-card.mainpay.co.kr/app?aid=aid8ae85ccea51d4993a810e751167fccdb2efbe","createTime":"2021-09-15T20:44:40.663","expireTime":"2021-09-15T20:59:40.663"}}
[2021-09-15 21:07:32.000000] READY-API: https://test-api-std.mainpay.co.kr/v1/payment/ready
[2021-09-15 21:07:32.000000] PARAM: Array
(
    [version] => V001
    [mbrNo] => 100011
    [mbrRefNo] => P000010001
    [paymethod] => CARD
    [amount] => 1004
    [goodsName] => 카약-슬라이더406
    [goodsCode] => GOOD0001
    [approvalUrl] => https://skiresort.kr/pc/_3_approval.php
    [closeUrl] => https://skiresort.or.kr/pc/_3_close.php
    [customerName] => 고객명
    [customerEmail] => test@spc.co.kr
    [timestamp] => 202109152107321372
    [signature] => b34a02a2a2457ac57f1b6e022e8f2f6d768cbf171da4dd8b3a0fe0993582c4c3
)

[2021-09-15 21:07:32.000000] RESPONSE: {"resultCode":"200","resultMessage":"OK","developerMessage":"","detailResultCode":"","data":{"aid":"aid877e0f3e1e7b487681749ef568c37a06ae8bc","nextMobileUrl":"https://test-ui-card.mainpay.co.kr/mobile?aid=aid877e0f3e1e7b487681749ef568c37a06ae8bc","nextPcUrl":"https://test-ui-card.mainpay.co.kr/pc?aid=aid877e0f3e1e7b487681749ef568c37a06ae8bc","nextAppUrl":"https://test-ui-card.mainpay.co.kr/app?aid=aid877e0f3e1e7b487681749ef568c37a06ae8bc","createTime":"2021-09-15T21:07:32.206","expireTime":"2021-09-15T21:22:32.206"}}
[2021-09-15 21:13:11.000000] READY-API: https://test-api-std.mainpay.co.kr/v1/payment/ready
[2021-09-15 21:13:11.000000] PARAM: Array
(
    [version] => V001
    [mbrNo] => 100011
    [mbrRefNo] => P000010001
    [paymethod] => CARD
    [amount] => 1004
    [goodsName] => 카약-슬라이더406
    [goodsCode] => GOOD0001
    [approvalUrl] => https://skiresort.kr/pc/_3_approval.php
    [closeUrl] => https://skiresort.or.kr/pc/_3_close.php
    [customerName] => 고객명
    [customerEmail] => test@spc.co.kr
    [timestamp] => 202109152113117928
    [signature] => 4313af0d1502d6d178f8d32143b3c58ae6b1940e9e7c0444d93c134e41be676f
)

[2021-09-15 21:13:11.000000] RESPONSE: {"resultCode":"200","resultMessage":"OK","developerMessage":"","detailResultCode":"","data":{"aid":"aid40d11da51f56463eae9a603e4c431e9162562","nextMobileUrl":"https://test-ui-card.mainpay.co.kr/mobile?aid=aid40d11da51f56463eae9a603e4c431e9162562","nextPcUrl":"https://test-ui-card.mainpay.co.kr/pc?aid=aid40d11da51f56463eae9a603e4c431e9162562","nextAppUrl":"https://test-ui-card.mainpay.co.kr/app?aid=aid40d11da51f56463eae9a603e4c431e9162562","createTime":"2021-09-15T21:13:11.236","expireTime":"2021-09-15T21:28:11.236"}}
[2021-09-15 21:31:30.000000] READY-API: https://test-api-std.mainpay.co.kr/v1/payment/ready
[2021-09-15 21:31:30.000000] PARAM: Array
(
    [version] => V001
    [mbrNo] => 100011
    [mbrRefNo] => P000010001
    [paymethod] => CARD
    [amount] => 1004
    [goodsName] => 카약-슬라이더406
    [goodsCode] => GOOD0001
    [approvalUrl] => https://skiresort.kr/pc/_3_approval.php
    [closeUrl] => https://skiresort.or.kr/pc/_3_close.php
    [customerName] => 고객명
    [customerEmail] => test@spc.co.kr
    [timestamp] => 202109152131301826
    [signature] => 981aa6df0d9c134277f57fb906497387cbee449ff17d9f49ee94b46ad1e6457d
)

[2021-09-15 21:31:30.000000] RESPONSE: {"resultCode":"200","resultMessage":"OK","developerMessage":"","detailResultCode":"","data":{"aid":"aidc75a259957c54bf7961595ea4cd01a2da0205","nextMobileUrl":"https://test-ui-card.mainpay.co.kr/mobile?aid=aidc75a259957c54bf7961595ea4cd01a2da0205","nextPcUrl":"https://test-ui-card.mainpay.co.kr/pc?aid=aidc75a259957c54bf7961595ea4cd01a2da0205","nextAppUrl":"https://test-ui-card.mainpay.co.kr/app?aid=aidc75a259957c54bf7961595ea4cd01a2da0205","createTime":"2021-09-15T21:31:30.691","expireTime":"2021-09-15T21:46:30.691"}}
[2021-09-15 22:35:29.000000] READY-API: https://test-api-std.mainpay.co.kr/v1/payment/ready
[2021-09-15 22:35:29.000000] PARAM: Array
(
    [version] => V001
    [mbrNo] => 100011
    [mbrRefNo] => P000010001
    [paymethod] => CARD
    [amount] => 1004
    [goodsName] => 카약-슬라이더406
    [goodsCode] => GOOD0001
    [approvalUrl] => https://skiresort.kr/pc/_3_approval.php
    [closeUrl] => https://skiresort.or.kr/pc/_3_close.php
    [customerName] => 고객명
    [customerEmail] => test@spc.co.kr
    [timestamp] => 202109152235292057
    [signature] => 1d1f26b7be87f148d743dd0b81c117a8f44f21c4fac8c0ec22cce30186cc0f76
)

[2021-09-15 22:35:29.000000] RESPONSE: {"resultCode":"200","resultMessage":"OK","developerMessage":"","detailResultCode":"","data":{"aid":"aida3063069e99c4eabb753ad217f7d8bbb55cca","nextMobileUrl":"https://test-ui-card.mainpay.co.kr/mobile?aid=aida3063069e99c4eabb753ad217f7d8bbb55cca","nextPcUrl":"https://test-ui-card.mainpay.co.kr/pc?aid=aida3063069e99c4eabb753ad217f7d8bbb55cca","nextAppUrl":"https://test-ui-card.mainpay.co.kr/app?aid=aida3063069e99c4eabb753ad217f7d8bbb55cca","createTime":"2021-09-15T22:35:29.591","expireTime":"2021-09-15T22:50:29.591"}}
[2021-09-16 04:56:54.000000] READY-API: https://test-api-std.mainpay.co.kr/v1/payment/ready
[2021-09-16 04:56:54.000000] PARAM: Array
(
    [version] => V001
    [mbrNo] => 100011
    [mbrRefNo] => P000010001
    [paymethod] => CARD
    [amount] => 1004
    [goodsName] => 카약-슬라이더406
    [goodsCode] => GOOD0001
    [approvalUrl] => https://skiresort.kr/pc/_3_approval.php
    [closeUrl] => https://skiresort.or.kr/pc/_3_close.php
    [customerName] => 고객명
    [customerEmail] => test@spc.co.kr
    [timestamp] => 202109160456544510
    [signature] => d8de4a13b426cfab173ade41c2fe8807b9fc65478aec15edc9c1dbcb88c0c4d8
)

[2021-09-16 04:56:54.000000] RESPONSE: {"resultCode":"200","resultMessage":"OK","developerMessage":"","detailResultCode":"","data":{"aid":"aid5058fab0d6f9459f8c24dda5c5ccb7630dd10","nextMobileUrl":"https://test-ui-card.mainpay.co.kr/mobile?aid=aid5058fab0d6f9459f8c24dda5c5ccb7630dd10","nextPcUrl":"https://test-ui-card.mainpay.co.kr/pc?aid=aid5058fab0d6f9459f8c24dda5c5ccb7630dd10","nextAppUrl":"https://test-ui-card.mainpay.co.kr/app?aid=aid5058fab0d6f9459f8c24dda5c5ccb7630dd10","createTime":"2021-09-16T04:56:54.332","expireTime":"2021-09-16T05:11:54.332"}}
[2021-09-16 04:59:57.000000] READY-API: https://test-api-std.mainpay.co.kr/v1/payment/ready
[2021-09-16 04:59:57.000000] PARAM: Array
(
    [version] => V001
    [mbrNo] => 100011
    [mbrRefNo] => P000010001
    [paymethod] => CARD
    [amount] => 1004
    [goodsName] => 카약-슬라이더406
    [goodsCode] => GOOD0001
    [approvalUrl] => https://skiresort.kr/pc/_3_approval.php
    [closeUrl] => https://skiresort.or.kr/pc/_3_close.php
    [customerName] => 고객명
    [customerEmail] => test@spc.co.kr
    [timestamp] => 202109160459575369
    [signature] => 076600ecb607f708f4ae7e312b555fe67ec8d171ed8cf1f4fecbc491f1e91db1
)

[2021-09-16 04:59:57.000000] RESPONSE: {"resultCode":"200","resultMessage":"OK","developerMessage":"","detailResultCode":"","data":{"aid":"aid0ec82f4aa75843a1883974058009a34c33380","nextMobileUrl":"https://test-ui-card.mainpay.co.kr/mobile?aid=aid0ec82f4aa75843a1883974058009a34c33380","nextPcUrl":"https://test-ui-card.mainpay.co.kr/pc?aid=aid0ec82f4aa75843a1883974058009a34c33380","nextAppUrl":"https://test-ui-card.mainpay.co.kr/app?aid=aid0ec82f4aa75843a1883974058009a34c33380","createTime":"2021-09-16T04:59:57.816","expireTime":"2021-09-16T05:14:57.816"}}
[2021-09-16 05:24:36.000000] READY-API: https://test-api-std.mainpay.co.kr/v1/payment/ready
[2021-09-16 05:24:36.000000] PARAM: Array
(
    [version] => V001
    [mbrNo] => 100011
    [mbrRefNo] => P000010001
    [paymethod] => CARD
    [amount] => 1004
    [goodsName] => 카약-슬라이더406
    [goodsCode] => GOOD0001
    [approvalUrl] => https://skiresort.kr/pc/_3_approval.php
    [closeUrl] => https://skiresort.or.kr/pc/_3_close.php
    [customerName] => 고객명
    [customerEmail] => test@spc.co.kr
    [timestamp] => 202109160524364869
    [signature] => 43c650814ff7593b0ee6eb2d3cd2d09948db1e229898e50e6bd5145cacc56499
)

[2021-09-16 05:24:37.000000] RESPONSE: {"resultCode":"200","resultMessage":"OK","developerMessage":"","detailResultCode":"","data":{"aid":"aidd1314917f2db480cbce9d003505f8da35075d","nextMobileUrl":"https://test-ui-card.mainpay.co.kr/mobile?aid=aidd1314917f2db480cbce9d003505f8da35075d","nextPcUrl":"https://test-ui-card.mainpay.co.kr/pc?aid=aidd1314917f2db480cbce9d003505f8da35075d","nextAppUrl":"https://test-ui-card.mainpay.co.kr/app?aid=aidd1314917f2db480cbce9d003505f8da35075d","createTime":"2021-09-16T05:24:37.067","expireTime":"2021-09-16T05:39:37.067"}}
[2021-09-16 05:27:08.000000] READY-API: https://test-api-std.mainpay.co.kr/v1/payment/ready
[2021-09-16 05:27:08.000000] PARAM: Array
(
    [version] => V001
    [mbrNo] => 100011
    [mbrRefNo] => P000010001
    [paymethod] => CARD
    [amount] => 1004
    [goodsName] => 카약-슬라이더406
    [goodsCode] => GOOD0001
    [approvalUrl] => https://skiresort.or.kr/pc/_3_approval.php
    [closeUrl] => https://skiresort.or.kr/pc/_3_close.php
    [customerName] => 고객명
    [customerEmail] => test@spc.co.kr
    [timestamp] => 202109160527083871
    [signature] => fc60e287301c3dd63352202faecd5fd257ab70260d88150041ff630ac3cdc1ae
)

[2021-09-16 05:27:08.000000] RESPONSE: {"resultCode":"200","resultMessage":"OK","developerMessage":"","detailResultCode":"","data":{"aid":"aidf1eab970be8844558c838ae059e56d4b02eb4","nextMobileUrl":"https://test-ui-card.mainpay.co.kr/mobile?aid=aidf1eab970be8844558c838ae059e56d4b02eb4","nextPcUrl":"https://test-ui-card.mainpay.co.kr/pc?aid=aidf1eab970be8844558c838ae059e56d4b02eb4","nextAppUrl":"https://test-ui-card.mainpay.co.kr/app?aid=aidf1eab970be8844558c838ae059e56d4b02eb4","createTime":"2021-09-16T05:27:08.528","expireTime":"2021-09-16T05:42:08.528"}}
[2021-09-16 06:33:50.000000] READY-API: https://test-api-std.mainpay.co.kr/v1/payment/ready
[2021-09-16 06:33:50.000000] PARAM: Array
(
    [version] => V001
    [mbrNo] => 100011
    [mbrRefNo] => P000010001
    [paymethod] => CARD
    [amount] => 1004
    [goodsName] => 카약-슬라이더406
    [goodsCode] => GOOD0001
    [approvalUrl] => https://skiresort.or.kr/pc/_3_approval.php
    [closeUrl] => https://skiresort.or.kr/pc/_3_close.php
    [customerName] => 고객명
    [customerEmail] => test@spc.co.kr
    [timestamp] => 202109160633507810
    [signature] => c4b9792b97dfb2e8d1861f28e0ddde9684faf252f1ef790e293248b6523f5430
)

[2021-09-16 06:33:50.000000] RESPONSE: {"resultCode":"200","resultMessage":"OK","developerMessage":"","detailResultCode":"","data":{"aid":"aid1247be85d3d940cd9f8af6dccfb0c2d429edb","nextMobileUrl":"https://test-ui-card.mainpay.co.kr/mobile?aid=aid1247be85d3d940cd9f8af6dccfb0c2d429edb","nextPcUrl":"https://test-ui-card.mainpay.co.kr/pc?aid=aid1247be85d3d940cd9f8af6dccfb0c2d429edb","nextAppUrl":"https://test-ui-card.mainpay.co.kr/app?aid=aid1247be85d3d940cd9f8af6dccfb0c2d429edb","createTime":"2021-09-16T06:33:50.176","expireTime":"2021-09-16T06:48:50.177"}}
[2021-09-16 06:38:03.000000] READY-API: https://test-api-std.mainpay.co.kr/v1/payment/ready
[2021-09-16 06:38:03.000000] PARAM: Array
(
    [version] => V001
    [mbrNo] => 100011
    [mbrRefNo] => P000010001
    [paymethod] => CARD
    [amount] => 1004
    [goodsName] => 카약-슬라이더406
    [goodsCode] => GOOD0001
    [approvalUrl] => https://skiresort.or.kr/pc/_3_approval.php
    [closeUrl] => https://skiresort.or.kr/pc/_3_close.php
    [customerName] => 고객명
    [customerEmail] => test@spc.co.kr
    [timestamp] => 202109160638033276
    [signature] => 5d2d6299a05a602fefecfbae2f0bd20f2b3560aa0fd1a1c72bff1ba5b15abd52
)

[2021-09-16 06:38:03.000000] RESPONSE: {"resultCode":"200","resultMessage":"OK","developerMessage":"","detailResultCode":"","data":{"aid":"aidedbf23da9d224863a3eb4f523f0844aa70e65","nextMobileUrl":"https://test-ui-card.mainpay.co.kr/mobile?aid=aidedbf23da9d224863a3eb4f523f0844aa70e65","nextPcUrl":"https://test-ui-card.mainpay.co.kr/pc?aid=aidedbf23da9d224863a3eb4f523f0844aa70e65","nextAppUrl":"https://test-ui-card.mainpay.co.kr/app?aid=aidedbf23da9d224863a3eb4f523f0844aa70e65","createTime":"2021-09-16T06:38:03.423","expireTime":"2021-09-16T06:53:03.423"}}
[2021-09-16 10:28:26.000000] READY-API: https://test-api-std.mainpay.co.kr/v1/payment/ready
[2021-09-16 10:28:26.000000] PARAM: Array
(
    [version] => V001
    [mbrNo] => 100011
    [mbrRefNo] => P000010001
    [paymethod] => CARD
    [amount] => 1004
    [goodsName] => 자격증번호 : T120180315
    [goodsCode] => T1
    [approvalUrl] => https://skiresort.or.kr/pc/_3_approval.php
    [closeUrl] => https://skiresort.or.kr/pc/_3_close.php
    [customerName] => 고객명
    [customerEmail] => test@spc.co.kr
    [timestamp] => 202109161028261953
    [signature] => 63fd1e3d7547d9ac5f46421416425e3943c332fddd49f89d7dbd196c128f979a
)

[2021-09-16 10:28:26.000000] RESPONSE: {"resultCode":"200","resultMessage":"OK","developerMessage":"","detailResultCode":"","data":{"aid":"aid39decd6c4a054e0ebd7170ba9ddc7744a6ec7","nextMobileUrl":"https://test-ui-card.mainpay.co.kr/mobile?aid=aid39decd6c4a054e0ebd7170ba9ddc7744a6ec7","nextPcUrl":"https://test-ui-card.mainpay.co.kr/pc?aid=aid39decd6c4a054e0ebd7170ba9ddc7744a6ec7","nextAppUrl":"https://test-ui-card.mainpay.co.kr/app?aid=aid39decd6c4a054e0ebd7170ba9ddc7744a6ec7","createTime":"2021-09-16T10:28:26.740","expireTime":"2021-09-16T10:43:26.740"}}
[2021-09-16 10:43:44.000000] READY-API: https://test-api-std.mainpay.co.kr/v1/payment/ready
[2021-09-16 10:43:44.000000] PARAM: Array
(
    [version] => V001
    [mbrNo] => 100011
    [mbrRefNo] => P000010001
    [paymethod] => CARD
    [amount] => 1004
    [goodsName] => 자격증번호 : T120180315
    [goodsCode] => T1
    [approvalUrl] => https://skiresort.or.kr/pc/_3_approval.php
    [closeUrl] => https://skiresort.or.kr/pc/_3_close.php
    [customerName] => 고객명
    [customerEmail] => test@spc.co.kr
    [timestamp] => 202109161043444786
    [signature] => 69b5005c62e6d02c80703abe47fcbfe283fa5a661a003c837fbca3d223c195b9
)

[2021-09-16 10:43:44.000000] RESPONSE: {"resultCode":"200","resultMessage":"OK","developerMessage":"","detailResultCode":"","data":{"aid":"aidfb9f87ad4a744f229df37ebe2647bda19675a","nextMobileUrl":"https://test-ui-card.mainpay.co.kr/mobile?aid=aidfb9f87ad4a744f229df37ebe2647bda19675a","nextPcUrl":"https://test-ui-card.mainpay.co.kr/pc?aid=aidfb9f87ad4a744f229df37ebe2647bda19675a","nextAppUrl":"https://test-ui-card.mainpay.co.kr/app?aid=aidfb9f87ad4a744f229df37ebe2647bda19675a","createTime":"2021-09-16T10:43:44.281","expireTime":"2021-09-16T10:58:44.281"}}
testtesttesttesttesttesttesttesttesttesttesttesttesttesttesttesttesttesttesttest