[2023-01-10 18:06:26.000000] PAY-API: https://test-relay.mainpay.co.kr
[2023-01-10 18:06:26.000000] PARAM: Array
(
    [mbrNo] => 100011
    [mbrRefNo] => 10001163bd2a921ba66
)

[2023-01-10 18:06:27.000000] PAY-API: https://test-relay.mainpay.co.kr
[2023-01-10 18:06:27.000000] PARAM: Array
(
    [mbrNo] => 100011
    [mbrRefNo] => 10001163bd2a93a51d2
)

[2023-01-10 18:21:58.000000] PAY-API: https://test-api-std.mainpay.co.kr
[2023-01-10 18:21:58.000000] PARAM: Array
(
    [mbrNo] => 100011
    [mbrRefNo] => 10001163bd2e364109d
)

[2023-01-10 18:34:44.000000] PAY-API: https://test-api-std.mainpay.co.kr
[2023-01-10 18:34:44.000000] PARAM: Array
(
    [mbrNo] => 100011
    [mbrRefNo] => 10001163bd31342a681
    [paymethod] => CARD
    [amount] => 100
    [goodsName] => test
    [goodsCode] => test1
    [approvalUrl] => https://dev.skiresort.or.kr/pc/exam_approve.php
    [closeUrl] => https://dev.skiresort.or.kr/pc/exam_app_close.php
    [customerName] => custName
    [customerEmail] => 
    [timestamp] => 202301101834443560
    [signature] => b23d7ce355424832f1c7a16be7f8c387896d81cca1f10bb31df38773522c526d
)

[2023-01-10 18:34:50.000000] PAY-API: https://test-api-std.mainpay.co.kr
[2023-01-10 18:34:50.000000] PARAM: Array
(
    [mbrNo] => 100011
    [mbrRefNo] => 10001163bd313a59f26
    [paymethod] => CARD
    [amount] => 100
    [goodsName] => test
    [goodsCode] => test1
    [approvalUrl] => https://dev.skiresort.or.kr/pc/exam_approve.php
    [closeUrl] => https://dev.skiresort.or.kr/pc/exam_app_close.php
    [customerName] => custName
    [customerEmail] => 
    [timestamp] => 202301101834506057
    [signature] => e37cbf0d947f63fa8cd4ccd45f2e694e89759253492a8d15dd5d0aab352374b4
)

[2023-01-10 18:35:34.000000] PAY-API: https://test-api-std.mainpay.co.kr/v1/payment/ready
[2023-01-10 18:35:34.000000] PARAM: Array
(
    [mbrNo] => 100011
    [mbrRefNo] => 10001163bd3166ef4aa
    [paymethod] => CARD
    [amount] => 100
    [goodsName] => test
    [goodsCode] => test1
    [approvalUrl] => https://dev.skiresort.or.kr/pc/exam_approve.php
    [closeUrl] => https://dev.skiresort.or.kr/pc/exam_app_close.php
    [customerName] => custName
    [customerEmail] => 
    [timestamp] => 202301101835346934
    [signature] => e29fa61c5c07d5e3a24cea2a9985841c2176fd6db4abf7234cea0239ad7d6519
)

[2023-01-10 18:36:10.000000] PAY-API: https://test-api-std.mainpay.co.kr/v1/payment/ready
[2023-01-10 18:36:10.000000] PARAM: Array
(
    [mbrNo] => 100011
    [mbrRefNo] => 10001163bd318a8d340
    [paymethod] => CARD
    [amount] => 100
    [goodsName] => test
    [goodsCode] => test1
    [approvalUrl] => https://dev.skiresort.or.kr/pc/exam_approve.php
    [closeUrl] => https://dev.skiresort.or.kr/pc/exam_app_close.php
    [customerName] => custName
    [customerEmail] => 
    [timestamp] => 202301101836103840
    [signature] => a0fff5dcb5486bc66241ee5ea6a875da3d098b465e0b920bca2b352faa7cafa3
)

[2023-01-10 18:36:28.000000] PAY-API: https://test-api-std.mainpay.co.kr/v1/payment/ready
[2023-01-10 18:36:28.000000] PARAM: Array
(
    [mbrNo] => 100011
    [mbrRefNo] => 10001163bd319c541d4
    [paymethod] => CARD
    [amount] => 100
    [goodsName] => test
    [goodsCode] => test1
    [approvalUrl] => https://dev.skiresort.or.kr/pc/exam_approve.php
    [closeUrl] => https://dev.skiresort.or.kr/pc/exam_app_close.php
    [customerName] => custName
    [customerEmail] => 
    [timestamp] => 202301101836286378
    [signature] => 7264008f9a955402b978186845471b624468fce360f020bfb9dd5decdffff6d8
)

[2023-01-12 09:31:33.000000] PAY-API: https://test-api-std.mainpay.co.kr/v1/payment/ready
[2023-01-12 09:31:33.000000] PARAM: Array
(
    [mbrNo] => 100011
    [mbrRefNo] => 10001163bf54e58a908
    [paymethod] => CARD
    [amount] => 100
    [goodsName] => test
    [goodsCode] => test1
    [approvalUrl] => https://dev.skiresort.or.kr/pc/exam_approve.php
    [closeUrl] => https://dev.skiresort.or.kr/pc/exam_app_close.php
    [customerName] => custName
    [customerEmail] => 
    [timestamp] => 202301120931336305
    [signature] => 09b5ef2216d072b48e505b35e451c3dfff5a82201c18f6b20ed467010f2fd7a8
)

